<?xml version="1.0" encoding="UTF-8"?>
<!-- Generated by org.testng.reporters.JUnitReportReporter -->
<testsuite hostname="LAPTOP-3UOIG6JH" failures="0" tests="1" name="Testcases.class2" time="32.487" errors="0" timestamp="2023-12-10T21:03:56 IST" skipped="0">
  <testcase classname="Testcases.class2" name="login_imformation_disply" time="32.487"/>
  <system-out/>
</testsuite> <!-- Testcases.class2 -->
